<?xml version="1.0" encoding="UTF-8"?>
<!-- Generated by org.testng.reporters.JUnitReportReporter -->
<testsuite hostname="DESKTOP-DEV86DM" name="qbrainx.test.LoginTest" tests="2" failures="0" timestamp="13 Feb 2020 09:53:04 GMT" time="25.485" errors="0">
  <testcase name="facebooktest" time="13.737" classname="qbrainx.test.LoginTest"/>
  <testcase name="facebooklogintest" time="11.748" classname="qbrainx.test.LoginTest"/>
</testsuite> <!-- qbrainx.test.LoginTest -->
